<?xml version="1.0" encoding="UTF-8"?>
<testng-results ignored="0" total="3" passed="3" failed="0" skipped="0">
  <reporter-output>
  </reporter-output>
  <suite started-at="2024-01-18T00:04:36 GMT-08:00" name="Default Suite" finished-at="2024-01-18T00:04:43 GMT-08:00" duration-ms="6771">
    <groups>
      <group name="cucumber">
        <method signature="AbstractTestNGCucumberTests.runScenario(io.cucumber.testng.PickleWrapper,io.cucumber.testng.FeatureWrapper)[pri:0, instance:RunnerClass.TestRunClass@e4487af]" name="runScenario" class="io.cucumber.testng.AbstractTestNGCucumberTests"/>
      </group> <!-- cucumber -->
    </groups>
    <test started-at="2024-01-18T00:04:36 GMT-08:00" name="API_Framework" finished-at="2024-01-18T00:04:43 GMT-08:00" duration-ms="6771">
      <class name="RunnerClass.TestRunClass">
        <test-method is-config="true" signature="setUpClass(org.testng.ITestContext)[pri:0, instance:RunnerClass.TestRunClass@e4487af]" started-at="2024-01-18T00:04:36 GMT-08:00" name="setUpClass" finished-at="2024-01-18T00:04:37 GMT-08:00" duration-ms="774" status="PASS">
          <params>
            <param index="0">
              <value>
                <![CDATA[org.testng.TestRunner@1850f2da]]>
              </value>
            </param>
          </params>
          <reporter-output>
          </reporter-output>
        </test-method> <!-- setUpClass -->
        <test-method signature="runScenario(io.cucumber.testng.PickleWrapper,io.cucumber.testng.FeatureWrapper)[pri:0, instance:RunnerClass.TestRunClass@e4487af]" started-at="2024-01-18T00:04:37 GMT-08:00" name="runScenario" description="Runs Cucumber Scenarios" data-provider="scenarios" finished-at="2024-01-18T00:04:39 GMT-08:00" duration-ms="2306" status="PASS">
          <params>
            <param index="0">
              <value>
                <![CDATA["verify the url with status code"]]>
              </value>
            </param>
            <param index="1">
              <value>
                <![CDATA["Verify products using api methods"]]>
              </value>
            </param>
          </params>
          <reporter-output>
          </reporter-output>
        </test-method> <!-- runScenario -->
        <test-method signature="runScenario(io.cucumber.testng.PickleWrapper,io.cucumber.testng.FeatureWrapper)[pri:0, instance:RunnerClass.TestRunClass@e4487af]" started-at="2024-01-18T00:04:39 GMT-08:00" name="runScenario" description="Runs Cucumber Scenarios" data-provider="scenarios" finished-at="2024-01-18T00:04:41 GMT-08:00" duration-ms="1589" status="PASS">
          <params>
            <param index="0">
              <value>
                <![CDATA["create the new post using api method"]]>
              </value>
            </param>
            <param index="1">
              <value>
                <![CDATA["Verify products using api methods"]]>
              </value>
            </param>
          </params>
          <reporter-output>
          </reporter-output>
        </test-method> <!-- runScenario -->
        <test-method signature="runScenario(io.cucumber.testng.PickleWrapper,io.cucumber.testng.FeatureWrapper)[pri:0, instance:RunnerClass.TestRunClass@e4487af]" started-at="2024-01-18T00:04:41 GMT-08:00" name="runScenario" description="Runs Cucumber Scenarios" data-provider="scenarios" finished-at="2024-01-18T00:04:43 GMT-08:00" duration-ms="1720" status="PASS">
          <params>
            <param index="0">
              <value>
                <![CDATA["Update and delete the post"]]>
              </value>
            </param>
            <param index="1">
              <value>
                <![CDATA["Verify products using api methods"]]>
              </value>
            </param>
          </params>
          <reporter-output>
          </reporter-output>
        </test-method> <!-- runScenario -->
        <test-method is-config="true" signature="tearDownClass()[pri:0, instance:RunnerClass.TestRunClass@e4487af]" started-at="2024-01-18T00:04:43 GMT-08:00" name="tearDownClass" finished-at="2024-01-18T00:04:43 GMT-08:00" duration-ms="342" status="PASS">
          <reporter-output>
          </reporter-output>
        </test-method> <!-- tearDownClass -->
      </class> <!-- RunnerClass.TestRunClass -->
    </test> <!-- API_Framework -->
  </suite> <!-- Default Suite -->
</testng-results>
